<?xml version="1.0" encoding="UTF-8"?>
<!-- Generated by org.testng.reporters.JUnitReportReporter -->
<testsuite hostname="DESKTOP-7DILMM7" name="TestLoginRegression.FB_test" tests="1" failures="0" timestamp="17 Sep 2018 16:42:18 GMT" time="15.420" errors="0">
  <testcase name="testFB" time="15.420" classname="TestLoginRegression.FB_test"/>
</testsuite> <!-- TestLoginRegression.FB_test -->
